<?xml version="1.0" encoding="UTF-8"?>
<testsuite name="org.imgscalr.ScalrApplyTest" tests="4" skipped="0" failures="0" errors="0" timestamp="2017-10-08T19:26:31" hostname="Pratiks-MBP.hsd1.il.comcast.net" time="2.587">
  <properties/>
  <testcase name="testApplyEX" classname="org.imgscalr.ScalrApplyTest" time="0.003"/>
  <testcase name="testApply1" classname="org.imgscalr.ScalrApplyTest" time="0.441"/>
  <testcase name="testApplyEX" classname="org.imgscalr.ScalrApplyTest" time="0.0"/>
  <testcase name="testApply1" classname="org.imgscalr.ScalrApplyTest" time="0.082"/>
  <system-out><![CDATA[]]></system-out>
  <system-err><![CDATA[]]></system-err>
</testsuite>
