<?xml version="1.0" encoding="UTF-8"?>
<testsuite name="org.imgscalr.ScalrCropTest" tests="6" skipped="0" failures="0" errors="0" timestamp="2017-10-08T19:26:31" hostname="Pratiks-MBP.hsd1.il.comcast.net" time="3.38">
  <properties/>
  <testcase name="testCropXYWH" classname="org.imgscalr.ScalrCropTest" time="0.384"/>
  <testcase name="testCropEX" classname="org.imgscalr.ScalrCropTest" time="0.001"/>
  <testcase name="testCropWH" classname="org.imgscalr.ScalrCropTest" time="0.048"/>
  <testcase name="testCropXYWH" classname="org.imgscalr.ScalrCropTest" time="0.012"/>
  <testcase name="testCropEX" classname="org.imgscalr.ScalrCropTest" time="0.0"/>
  <testcase name="testCropWH" classname="org.imgscalr.ScalrCropTest" time="0.014"/>
  <system-out><![CDATA[]]></system-out>
  <system-err><![CDATA[]]></system-err>
</testsuite>
