<?xml version="1.0" encoding="UTF-8"?>
<testsuite name="org.imgscalr.AsyncScalrMultiThreadTest" tests="1" skipped="0" failures="0" errors="0" timestamp="2017-10-08T19:26:36" hostname="Pratiks-MBP.hsd1.il.comcast.net" time="5.376">
  <properties/>
  <testcase name="test" classname="org.imgscalr.AsyncScalrMultiThreadTest" time="5.376"/>
  <system-out><![CDATA[Scale Iteration 0
Scale Iteration 100
Scale Iteration 200
Scale Iteration 300
Scale Iteration 400
Scale Iteration 500
Scale Iteration 600
Scale Iteration 700
Scale Iteration 800
Scale Iteration 900
Scale Iteration 1000
Scale Iteration 1100
Scale Iteration 1200
Scale Iteration 1300
Scale Iteration 1400
Scale Iteration 1500
Scale Iteration 1600
Scale Iteration 1700
Scale Iteration 1800
Scale Iteration 1900
Thread Finished 0
Thread Finished 100
Thread Finished 200
Thread Finished 300
Thread Finished 400
Thread Finished 500
Thread Finished 600
Thread Finished 700
Thread Finished 800
Thread Finished 900
Thread Finished 1000
Thread Finished 1100
Thread Finished 1200
Thread Finished 1300
Thread Finished 1400
Thread Finished 1500
Thread Finished 1600
Thread Finished 1700
Thread Finished 1800
Thread Finished 1900
]]></system-out>
  <system-err><![CDATA[]]></system-err>
</testsuite>
